Analysis & Synthesis report for LogicalStep_Lab4_top
Sat Mar 18 20:14:51 2023
Quartus Prime Version 15.1.0 Build 185 10/21/2015 SJ Standard Edition


---------------------
; Table of Contents ;
---------------------
  1. Legal Notice
  2. Analysis & Synthesis Summary
  3. Analysis & Synthesis Settings
  4. Parallel Compilation
  5. Analysis & Synthesis Source Files Read
  6. Analysis & Synthesis Resource Usage Summary
  7. Analysis & Synthesis Resource Utilization by Entity
  8. State Machine - |LogicalStep_Lab4_top|State_Machine_traffic:inst7|current_state
  9. General Register Statistics
 10. Port Connectivity Checks: "segment7_mux:inst9"
 11. Port Connectivity Checks: "clock_generator:INST2"
 12. Port Connectivity Checks: "pb_inverters:INST1"
 13. Post-Synthesis Netlist Statistics for Top Partition
 14. Elapsed Time Per Partition
 15. Analysis & Synthesis Messages



----------------
; Legal Notice ;
----------------
Copyright (C) 1991-2015 Altera Corporation. All rights reserved.
Your use of Altera Corporation's design tools, logic functions 
and other software and tools, and its AMPP partner logic 
functions, and any output files from any of the foregoing 
(including device programming or simulation files), and any 
associated documentation or information are expressly subject 
to the terms and conditions of the Altera Program License 
Subscription Agreement, the Altera Quartus Prime License Agreement,
the Altera MegaCore Function License Agreement, or other 
applicable license agreement, including, without limitation, 
that your use is for the sole purpose of programming logic 
devices manufactured by Altera and sold by Altera or its 
authorized distributors.  Please refer to the applicable 
agreement for further details.



+--------------------------------------------------------------------------------------+
; Analysis & Synthesis Summary                                                         ;
+------------------------------------+-------------------------------------------------+
; Analysis & Synthesis Status        ; Successful - Sat Mar 18 20:14:51 2023           ;
; Quartus Prime Version              ; 15.1.0 Build 185 10/21/2015 SJ Standard Edition ;
; Revision Name                      ; LogicalStep_Lab4_top                            ;
; Top-level Entity Name              ; LogicalStep_Lab4_top                            ;
; Family                             ; MAX 10                                          ;
; Total logic elements               ; 81                                              ;
;     Total combinational functions  ; 77                                              ;
;     Dedicated logic registers      ; 63                                              ;
; Total registers                    ; 63                                              ;
; Total pins                         ; 31                                              ;
; Total virtual pins                 ; 0                                               ;
; Total memory bits                  ; 0                                               ;
; Embedded Multiplier 9-bit elements ; 0                                               ;
; Total PLLs                         ; 0                                               ;
; UFM blocks                         ; 0                                               ;
; ADC blocks                         ; 0                                               ;
+------------------------------------+-------------------------------------------------+


+--------------------------------------------------------------------------------------------------------------------------+
; Analysis & Synthesis Settings                                                                                            ;
+----------------------------------------------------------------------------+----------------------+----------------------+
; Option                                                                     ; Setting              ; Default Value        ;
+----------------------------------------------------------------------------+----------------------+----------------------+
; Device                                                                     ; 10M08SAE144C8G       ;                      ;
; Top-level entity name                                                      ; LogicalStep_Lab4_top ; LogicalStep_Lab4_top ;
; Family name                                                                ; MAX 10               ; Cyclone V            ;
; Use smart compilation                                                      ; Off                  ; Off                  ;
; Enable parallel Assembler and TimeQuest Timing Analyzer during compilation ; On                   ; On                   ;
; Enable compact report table                                                ; Off                  ; Off                  ;
; Restructure Multiplexers                                                   ; Auto                 ; Auto                 ;
; Create Debugging Nodes for IP Cores                                        ; Off                  ; Off                  ;
; Preserve fewer node names                                                  ; On                   ; On                   ;
; Disable OpenCore Plus hardware evaluation                                  ; Off                  ; Off                  ;
; Verilog Version                                                            ; Verilog_2001         ; Verilog_2001         ;
; VHDL Version                                                               ; VHDL_1993            ; VHDL_1993            ;
; State Machine Processing                                                   ; Auto                 ; Auto                 ;
; Safe State Machine                                                         ; Off                  ; Off                  ;
; Extract Verilog State Machines                                             ; On                   ; On                   ;
; Extract VHDL State Machines                                                ; On                   ; On                   ;
; Ignore Verilog initial constructs                                          ; Off                  ; Off                  ;
; Iteration limit for constant Verilog loops                                 ; 5000                 ; 5000                 ;
; Iteration limit for non-constant Verilog loops                             ; 250                  ; 250                  ;
; Add Pass-Through Logic to Inferred RAMs                                    ; On                   ; On                   ;
; Infer RAMs from Raw Logic                                                  ; On                   ; On                   ;
; Parallel Synthesis                                                         ; On                   ; On                   ;
; DSP Block Balancing                                                        ; Auto                 ; Auto                 ;
; NOT Gate Push-Back                                                         ; On                   ; On                   ;
; Power-Up Don't Care                                                        ; On                   ; On                   ;
; Remove Redundant Logic Cells                                               ; Off                  ; Off                  ;
; Remove Duplicate Registers                                                 ; On                   ; On                   ;
; Ignore CARRY Buffers                                                       ; Off                  ; Off                  ;
; Ignore CASCADE Buffers                                                     ; Off                  ; Off                  ;
; Ignore GLOBAL Buffers                                                      ; Off                  ; Off                  ;
; Ignore ROW GLOBAL Buffers                                                  ; Off                  ; Off                  ;
; Ignore LCELL Buffers                                                       ; Off                  ; Off                  ;
; Ignore SOFT Buffers                                                        ; On                   ; On                   ;
; Limit AHDL Integers to 32 Bits                                             ; Off                  ; Off                  ;
; Optimization Technique                                                     ; Balanced             ; Balanced             ;
; Carry Chain Length                                                         ; 70                   ; 70                   ;
; Auto Carry Chains                                                          ; On                   ; On                   ;
; Auto Open-Drain Pins                                                       ; On                   ; On                   ;
; Perform WYSIWYG Primitive Resynthesis                                      ; Off                  ; Off                  ;
; Auto ROM Replacement                                                       ; On                   ; On                   ;
; Auto RAM Replacement                                                       ; On                   ; On                   ;
; Auto DSP Block Replacement                                                 ; On                   ; On                   ;
; Auto Shift Register Replacement                                            ; Auto                 ; Auto                 ;
; Allow Shift Register Merging across Hierarchies                            ; Auto                 ; Auto                 ;
; Auto Clock Enable Replacement                                              ; On                   ; On                   ;
; Strict RAM Replacement                                                     ; Off                  ; Off                  ;
; Allow Synchronous Control Signals                                          ; On                   ; On                   ;
; Force Use of Synchronous Clear Signals                                     ; Off                  ; Off                  ;
; Auto RAM Block Balancing                                                   ; On                   ; On                   ;
; Auto RAM to Logic Cell Conversion                                          ; Off                  ; Off                  ;
; Auto Resource Sharing                                                      ; Off                  ; Off                  ;
; Allow Any RAM Size For Recognition                                         ; Off                  ; Off                  ;
; Allow Any ROM Size For Recognition                                         ; Off                  ; Off                  ;
; Allow Any Shift Register Size For Recognition                              ; Off                  ; Off                  ;
; Use LogicLock Constraints during Resource Balancing                        ; On                   ; On                   ;
; Ignore translate_off and synthesis_off directives                          ; Off                  ; Off                  ;
; Timing-Driven Synthesis                                                    ; On                   ; On                   ;
; Report Parameter Settings                                                  ; On                   ; On                   ;
; Report Source Assignments                                                  ; On                   ; On                   ;
; Report Connectivity Checks                                                 ; On                   ; On                   ;
; Ignore Maximum Fan-Out Assignments                                         ; Off                  ; Off                  ;
; Synchronization Register Chain Length                                      ; 2                    ; 2                    ;
; PowerPlay Power Optimization During Synthesis                              ; Normal compilation   ; Normal compilation   ;
; HDL message level                                                          ; Level2               ; Level2               ;
; Suppress Register Optimization Related Messages                            ; Off                  ; Off                  ;
; Number of Removed Registers Reported in Synthesis Report                   ; 5000                 ; 5000                 ;
; Number of Swept Nodes Reported in Synthesis Report                         ; 5000                 ; 5000                 ;
; Number of Inverted Registers Reported in Synthesis Report                  ; 100                  ; 100                  ;
; Clock MUX Protection                                                       ; On                   ; On                   ;
; Auto Gated Clock Conversion                                                ; Off                  ; Off                  ;
; Block Design Naming                                                        ; Auto                 ; Auto                 ;
; SDC constraint protection                                                  ; Off                  ; Off                  ;
; Synthesis Effort                                                           ; Auto                 ; Auto                 ;
; Shift Register Replacement - Allow Asynchronous Clear Signal               ; On                   ; On                   ;
; Pre-Mapping Resynthesis Optimization                                       ; Off                  ; Off                  ;
; Analysis & Synthesis Message Level                                         ; Medium               ; Medium               ;
; Disable Register Merging Across Hierarchies                                ; Auto                 ; Auto                 ;
; Resource Aware Inference For Block RAM                                     ; On                   ; On                   ;
; Synthesis Seed                                                             ; 1                    ; 1                    ;
+----------------------------------------------------------------------------+----------------------+----------------------+


+------------------------------------------+
; Parallel Compilation                     ;
+----------------------------+-------------+
; Processors                 ; Number      ;
+----------------------------+-------------+
; Number detected on machine ; 4           ;
; Maximum allowed            ; 2           ;
;                            ;             ;
; Average used               ; 1.00        ;
; Maximum used               ; 2           ;
;                            ;             ;
; Usage by Processor         ; % Time Used ;
;     Processor 1            ; 100.0%      ;
;     Processor 2            ; < 0.1%      ;
+----------------------------+-------------+


+-----------------------------------------------------------------------------------------------------------------------------------------------------+
; Analysis & Synthesis Source Files Read                                                                                                              ;
+----------------------------------+-----------------+-----------------------+--------------------------------------------------------------+---------+
; File Name with User-Entered Path ; Used in Netlist ; File Type             ; File Name with Absolute Path                                 ; Library ;
+----------------------------------+-----------------+-----------------------+--------------------------------------------------------------+---------+
; LogicalStep_Lab4_top.vhd         ; yes             ; User VHDL File        ; C:/Users/hzhpeng/ECE-124/Lab4/Lab4/LogicalStep_Lab4_top.vhd  ;         ;
; pb_inverters.vhd                 ; yes             ; Auto-Found VHDL File  ; C:/Users/hzhpeng/ECE-124/Lab4/Lab4/pb_inverters.vhd          ;         ;
; clock_generator.vhd              ; yes             ; Auto-Found VHDL File  ; C:/Users/hzhpeng/ECE-124/Lab4/Lab4/clock_generator.vhd       ;         ;
; synchronizer.vhd                 ; yes             ; Auto-Found VHDL File  ; C:/Users/hzhpeng/ECE-124/Lab4/Lab4/synchronizer.vhd          ;         ;
; holding_register.vhd             ; yes             ; Auto-Found VHDL File  ; C:/Users/hzhpeng/ECE-124/Lab4/Lab4/holding_register.vhd      ;         ;
; state_machine_traffic.vhd        ; yes             ; Auto-Found VHDL File  ; C:/Users/hzhpeng/ECE-124/Lab4/Lab4/state_machine_traffic.vhd ;         ;
; segment7_mux.vhd                 ; yes             ; Auto-Found VHDL File  ; C:/Users/hzhpeng/ECE-124/Lab4/Lab4/segment7_mux.vhd          ;         ;
+----------------------------------+-----------------+-----------------------+--------------------------------------------------------------+---------+


+-------------------------------------------------------------+
; Analysis & Synthesis Resource Usage Summary                 ;
+---------------------------------------------+---------------+
; Resource                                    ; Usage         ;
+---------------------------------------------+---------------+
; Estimated Total logic elements              ; 81            ;
;                                             ;               ;
; Total combinational functions               ; 77            ;
; Logic element usage by number of LUT inputs ;               ;
;     -- 4 input functions                    ; 17            ;
;     -- 3 input functions                    ; 3             ;
;     -- <=2 input functions                  ; 57            ;
;                                             ;               ;
; Logic elements by mode                      ;               ;
;     -- normal mode                          ; 44            ;
;     -- arithmetic mode                      ; 33            ;
;                                             ;               ;
; Total registers                             ; 63            ;
;     -- Dedicated logic registers            ; 63            ;
;     -- I/O registers                        ; 0             ;
;                                             ;               ;
; I/O pins                                    ; 31            ;
;                                             ;               ;
; Embedded Multiplier 9-bit elements          ; 0             ;
;                                             ;               ;
; Maximum fan-out node                        ; pb_n[3]~input ;
; Maximum fan-out                             ; 52            ;
; Total fan-out                               ; 391           ;
; Average fan-out                             ; 1.94          ;
+---------------------------------------------+---------------+


+-------------------------------------------------------------------------------------------------------------------------------------------------------------------------------------------------------------------------------------------+
; Analysis & Synthesis Resource Utilization by Entity                                                                                                                                                                                       ;
+----------------------------------+-------------------+--------------+-------------+------------+--------------+---------+-----------+------+--------------+------------+---------------------------------------------------+--------------+
; Compilation Hierarchy Node       ; LC Combinationals ; LC Registers ; Memory Bits ; UFM Blocks ; DSP Elements ; DSP 9x9 ; DSP 18x18 ; Pins ; Virtual Pins ; ADC blocks ; Full Hierarchy Name                               ; Library Name ;
+----------------------------------+-------------------+--------------+-------------+------------+--------------+---------+-----------+------+--------------+------------+---------------------------------------------------+--------------+
; |LogicalStep_Lab4_top            ; 77 (0)            ; 63 (0)       ; 0           ; 0          ; 0            ; 0       ; 0         ; 31   ; 0            ; 0          ; |LogicalStep_Lab4_top                             ; work         ;
;    |Clock_generator:INST2|       ; 29 (29)           ; 28 (28)      ; 0           ; 0          ; 0            ; 0       ; 0         ; 0    ; 0            ; 0          ; |LogicalStep_Lab4_top|Clock_generator:INST2       ; work         ;
;    |State_Machine_traffic:inst7| ; 29 (29)           ; 16 (16)      ; 0           ; 0          ; 0            ; 0       ; 0         ; 0    ; 0            ; 0          ; |LogicalStep_Lab4_top|State_Machine_traffic:inst7 ; work         ;
;    |holding_register:inst5|      ; 1 (1)             ; 2 (2)        ; 0           ; 0          ; 0            ; 0       ; 0         ; 0    ; 0            ; 0          ; |LogicalStep_Lab4_top|holding_register:inst5      ; work         ;
;    |holding_register:inst6|      ; 1 (1)             ; 2 (2)        ; 0           ; 0          ; 0            ; 0       ; 0         ; 0    ; 0            ; 0          ; |LogicalStep_Lab4_top|holding_register:inst6      ; work         ;
;    |segment7_mux:inst9|          ; 15 (15)           ; 11 (11)      ; 0           ; 0          ; 0            ; 0       ; 0         ; 0    ; 0            ; 0          ; |LogicalStep_Lab4_top|segment7_mux:inst9          ; work         ;
;    |synchronizer:Inst3|          ; 1 (1)             ; 2 (2)        ; 0           ; 0          ; 0            ; 0       ; 0         ; 0    ; 0            ; 0          ; |LogicalStep_Lab4_top|synchronizer:Inst3          ; work         ;
;    |synchronizer:Inst4|          ; 1 (1)             ; 2 (2)        ; 0           ; 0          ; 0            ; 0       ; 0         ; 0    ; 0            ; 0          ; |LogicalStep_Lab4_top|synchronizer:Inst4          ; work         ;
+----------------------------------+-------------------+--------------+-------------+------------+--------------+---------+-----------+------+--------------+------------+---------------------------------------------------+--------------+
Note: For table entries with two numbers listed, the numbers in parentheses indicate the number of resources of the given type used by the specific entity alone. The numbers listed outside of parentheses indicate the total resources of the given type used by the specific entity and all of its sub-entities in the hierarchy.


Encoding Type:  One-Hot
+-----------------------------------------------------------------------------------------------------------------------------------------------------------------------------------------------------------------------------------------------------------------------------------------------------------------------------------------+
; State Machine - |LogicalStep_Lab4_top|State_Machine_traffic:inst7|current_state                                                                                                                                                                                                                                                         ;
+-------------------+-------------------+-------------------+-------------------+-------------------+-------------------+-------------------+------------------+------------------+------------------+------------------+------------------+------------------+------------------+------------------+------------------+------------------+
; Name              ; current_state.s15 ; current_state.s14 ; current_state.s13 ; current_state.s12 ; current_state.s11 ; current_state.s10 ; current_state.s9 ; current_state.s8 ; current_state.S7 ; current_state.S6 ; current_state.S5 ; current_state.S4 ; current_state.S3 ; current_state.S2 ; current_state.s1 ; current_state.s0 ;
+-------------------+-------------------+-------------------+-------------------+-------------------+-------------------+-------------------+------------------+------------------+------------------+------------------+------------------+------------------+------------------+------------------+------------------+------------------+
; current_state.s0  ; 0                 ; 0                 ; 0                 ; 0                 ; 0                 ; 0                 ; 0                ; 0                ; 0                ; 0                ; 0                ; 0                ; 0                ; 0                ; 0                ; 0                ;
; current_state.s1  ; 0                 ; 0                 ; 0                 ; 0                 ; 0                 ; 0                 ; 0                ; 0                ; 0                ; 0                ; 0                ; 0                ; 0                ; 0                ; 1                ; 1                ;
; current_state.S2  ; 0                 ; 0                 ; 0                 ; 0                 ; 0                 ; 0                 ; 0                ; 0                ; 0                ; 0                ; 0                ; 0                ; 0                ; 1                ; 0                ; 1                ;
; current_state.S3  ; 0                 ; 0                 ; 0                 ; 0                 ; 0                 ; 0                 ; 0                ; 0                ; 0                ; 0                ; 0                ; 0                ; 1                ; 0                ; 0                ; 1                ;
; current_state.S4  ; 0                 ; 0                 ; 0                 ; 0                 ; 0                 ; 0                 ; 0                ; 0                ; 0                ; 0                ; 0                ; 1                ; 0                ; 0                ; 0                ; 1                ;
; current_state.S5  ; 0                 ; 0                 ; 0                 ; 0                 ; 0                 ; 0                 ; 0                ; 0                ; 0                ; 0                ; 1                ; 0                ; 0                ; 0                ; 0                ; 1                ;
; current_state.S6  ; 0                 ; 0                 ; 0                 ; 0                 ; 0                 ; 0                 ; 0                ; 0                ; 0                ; 1                ; 0                ; 0                ; 0                ; 0                ; 0                ; 1                ;
; current_state.S7  ; 0                 ; 0                 ; 0                 ; 0                 ; 0                 ; 0                 ; 0                ; 0                ; 1                ; 0                ; 0                ; 0                ; 0                ; 0                ; 0                ; 1                ;
; current_state.s8  ; 0                 ; 0                 ; 0                 ; 0                 ; 0                 ; 0                 ; 0                ; 1                ; 0                ; 0                ; 0                ; 0                ; 0                ; 0                ; 0                ; 1                ;
; current_state.s9  ; 0                 ; 0                 ; 0                 ; 0                 ; 0                 ; 0                 ; 1                ; 0                ; 0                ; 0                ; 0                ; 0                ; 0                ; 0                ; 0                ; 1                ;
; current_state.s10 ; 0                 ; 0                 ; 0                 ; 0                 ; 0                 ; 1                 ; 0                ; 0                ; 0                ; 0                ; 0                ; 0                ; 0                ; 0                ; 0                ; 1                ;
; current_state.s11 ; 0                 ; 0                 ; 0                 ; 0                 ; 1                 ; 0                 ; 0                ; 0                ; 0                ; 0                ; 0                ; 0                ; 0                ; 0                ; 0                ; 1                ;
; current_state.s12 ; 0                 ; 0                 ; 0                 ; 1                 ; 0                 ; 0                 ; 0                ; 0                ; 0                ; 0                ; 0                ; 0                ; 0                ; 0                ; 0                ; 1                ;
; current_state.s13 ; 0                 ; 0                 ; 1                 ; 0                 ; 0                 ; 0                 ; 0                ; 0                ; 0                ; 0                ; 0                ; 0                ; 0                ; 0                ; 0                ; 1                ;
; current_state.s14 ; 0                 ; 1                 ; 0                 ; 0                 ; 0                 ; 0                 ; 0                ; 0                ; 0                ; 0                ; 0                ; 0                ; 0                ; 0                ; 0                ; 1                ;
; current_state.s15 ; 1                 ; 0                 ; 0                 ; 0                 ; 0                 ; 0                 ; 0                ; 0                ; 0                ; 0                ; 0                ; 0                ; 0                ; 0                ; 0                ; 1                ;
+-------------------+-------------------+-------------------+-------------------+-------------------+-------------------+-------------------+------------------+------------------+------------------+------------------+------------------+------------------+------------------+------------------+------------------+------------------+


+------------------------------------------------------+
; General Register Statistics                          ;
+----------------------------------------------+-------+
; Statistic                                    ; Value ;
+----------------------------------------------+-------+
; Total registers                              ; 63    ;
; Number of registers using Synchronous Clear  ; 27    ;
; Number of registers using Synchronous Load   ; 0     ;
; Number of registers using Asynchronous Clear ; 6     ;
; Number of registers using Asynchronous Load  ; 0     ;
; Number of registers using Clock Enable       ; 2     ;
; Number of registers using Preset             ; 0     ;
+----------------------------------------------+-------+


+------------------------------------------------+
; Port Connectivity Checks: "segment7_mux:inst9" ;
+------------+-------+----------+----------------+
; Port       ; Type  ; Severity ; Details        ;
+------------+-------+----------+----------------+
; din2[5..4] ; Input ; Info     ; Stuck at GND   ;
; din2[2..1] ; Input ; Info     ; Stuck at GND   ;
; din1[5..4] ; Input ; Info     ; Stuck at GND   ;
; din1[2..1] ; Input ; Info     ; Stuck at GND   ;
+------------+-------+----------+----------------+


+---------------------------------------------------+
; Port Connectivity Checks: "clock_generator:INST2" ;
+----------+-------+----------+---------------------+
; Port     ; Type  ; Severity ; Details             ;
+----------+-------+----------+---------------------+
; sim_mode ; Input ; Info     ; Stuck at GND        ;
+----------+-------+----------+---------------------+


+-----------------------------------------------------------------------------------------------------------------+
; Port Connectivity Checks: "pb_inverters:INST1"                                                                  ;
+-------+--------+----------+-------------------------------------------------------------------------------------+
; Port  ; Type   ; Severity ; Details                                                                             ;
+-------+--------+----------+-------------------------------------------------------------------------------------+
; pb[2] ; Output ; Info     ; Connected to dangling logic. Logic that only feeds a dangling port will be removed. ;
+-------+--------+----------+-------------------------------------------------------------------------------------+


+-----------------------------------------------------+
; Post-Synthesis Netlist Statistics for Top Partition ;
+-----------------------+-----------------------------+
; Type                  ; Count                       ;
+-----------------------+-----------------------------+
; boundary_port         ; 31                          ;
; cycloneiii_ff         ; 63                          ;
;     CLR               ; 6                           ;
;     ENA               ; 2                           ;
;     SCLR              ; 27                          ;
;     plain             ; 28                          ;
; cycloneiii_io_obuf    ; 1                           ;
; cycloneiii_lcell_comb ; 83                          ;
;     arith             ; 33                          ;
;         2 data inputs ; 32                          ;
;         3 data inputs ; 1                           ;
;     normal            ; 50                          ;
;         0 data inputs ; 1                           ;
;         1 data inputs ; 10                          ;
;         2 data inputs ; 20                          ;
;         3 data inputs ; 2                           ;
;         4 data inputs ; 17                          ;
;                       ;                             ;
; Max LUT depth         ; 3.40                        ;
; Average LUT depth     ; 2.09                        ;
+-----------------------+-----------------------------+


+-------------------------------+
; Elapsed Time Per Partition    ;
+----------------+--------------+
; Partition Name ; Elapsed Time ;
+----------------+--------------+
; Top            ; 00:00:00     ;
+----------------+--------------+


+-------------------------------+
; Analysis & Synthesis Messages ;
+-------------------------------+
Info: *******************************************************************
Info: Running Quartus Prime Analysis & Synthesis
    Info: Version 15.1.0 Build 185 10/21/2015 SJ Standard Edition
    Info: Processing started: Sat Mar 18 20:14:38 2023
Info: Command: quartus_map --read_settings_files=on --write_settings_files=off LogicalStep_Lab4 -c LogicalStep_Lab4_top
Info (20030): Parallel compilation is enabled and will use 2 of the 2 processors detected
Info (12021): Found 2 design units, including 1 entities, in source file logicalstep_lab4_top.vhd
    Info (12022): Found design unit 1: LogicalStep_Lab4_top-SimpleCircuit File: C:/Users/hzhpeng/ECE-124/Lab4/Lab4/LogicalStep_Lab4_top.vhd Line: 25
    Info (12023): Found entity 1: LogicalStep_Lab4_top File: C:/Users/hzhpeng/ECE-124/Lab4/Lab4/LogicalStep_Lab4_top.vhd Line: 6
Info (12127): Elaborating entity "LogicalStep_Lab4_top" for the top level hierarchy
Warning (12125): Using design file pb_inverters.vhd, which is not specified as a design file for the current project, but contains definitions for 2 design units and 1 entities in project
    Info (12022): Found design unit 1: PB_inverters-ckt File: C:/Users/hzhpeng/ECE-124/Lab4/Lab4/pb_inverters.vhd Line: 11
    Info (12023): Found entity 1: PB_inverters File: C:/Users/hzhpeng/ECE-124/Lab4/Lab4/pb_inverters.vhd Line: 5
Info (12128): Elaborating entity "pb_inverters" for hierarchy "pb_inverters:INST1" File: C:/Users/hzhpeng/ECE-124/Lab4/Lab4/LogicalStep_Lab4_top.vhd Line: 115
Warning (12125): Using design file clock_generator.vhd, which is not specified as a design file for the current project, but contains definitions for 2 design units and 1 entities in project
    Info (12022): Found design unit 1: Clock_generator-rtl File: C:/Users/hzhpeng/ECE-124/Lab4/Lab4/clock_generator.vhd Line: 23
    Info (12023): Found entity 1: Clock_generator File: C:/Users/hzhpeng/ECE-124/Lab4/Lab4/clock_generator.vhd Line: 10
Info (12128): Elaborating entity "clock_generator" for hierarchy "clock_generator:INST2" File: C:/Users/hzhpeng/ECE-124/Lab4/Lab4/LogicalStep_Lab4_top.vhd Line: 116
Warning (12125): Using design file synchronizer.vhd, which is not specified as a design file for the current project, but contains definitions for 2 design units and 1 entities in project
    Info (12022): Found design unit 1: synchronizer-circuit File: C:/Users/hzhpeng/ECE-124/Lab4/Lab4/synchronizer.vhd Line: 15
    Info (12023): Found entity 1: synchronizer File: C:/Users/hzhpeng/ECE-124/Lab4/Lab4/synchronizer.vhd Line: 5
Info (12128): Elaborating entity "synchronizer" for hierarchy "synchronizer:Inst3" File: C:/Users/hzhpeng/ECE-124/Lab4/Lab4/LogicalStep_Lab4_top.vhd Line: 117
Warning (10492): VHDL Process Statement warning at synchronizer.vhd(26): signal "reset" is read inside the Process Statement but isn't in the Process Statement's sensitivity list File: C:/Users/hzhpeng/ECE-124/Lab4/Lab4/synchronizer.vhd Line: 26
Warning (10492): VHDL Process Statement warning at synchronizer.vhd(43): signal "sreg" is read inside the Process Statement but isn't in the Process Statement's sensitivity list File: C:/Users/hzhpeng/ECE-124/Lab4/Lab4/synchronizer.vhd Line: 43
Warning (12125): Using design file holding_register.vhd, which is not specified as a design file for the current project, but contains definitions for 2 design units and 1 entities in project
    Info (12022): Found design unit 1: holding_register-circuit File: C:/Users/hzhpeng/ECE-124/Lab4/Lab4/holding_register.vhd Line: 16
    Info (12023): Found entity 1: holding_register File: C:/Users/hzhpeng/ECE-124/Lab4/Lab4/holding_register.vhd Line: 5
Info (12128): Elaborating entity "holding_register" for hierarchy "holding_register:inst5" File: C:/Users/hzhpeng/ECE-124/Lab4/Lab4/LogicalStep_Lab4_top.vhd Line: 119
Warning (10492): VHDL Process Statement warning at holding_register.vhd(24): signal "reset" is read inside the Process Statement but isn't in the Process Statement's sensitivity list File: C:/Users/hzhpeng/ECE-124/Lab4/Lab4/holding_register.vhd Line: 24
Warning (10492): VHDL Process Statement warning at holding_register.vhd(36): signal "sreg" is read inside the Process Statement but isn't in the Process Statement's sensitivity list File: C:/Users/hzhpeng/ECE-124/Lab4/Lab4/holding_register.vhd Line: 36
Warning (10492): VHDL Process Statement warning at holding_register.vhd(37): signal "sreg" is read inside the Process Statement but isn't in the Process Statement's sensitivity list File: C:/Users/hzhpeng/ECE-124/Lab4/Lab4/holding_register.vhd Line: 37
Warning (12125): Using design file state_machine_traffic.vhd, which is not specified as a design file for the current project, but contains definitions for 2 design units and 1 entities in project
    Info (12022): Found design unit 1: State_Machine_traffic-SM File: C:/Users/hzhpeng/ECE-124/Lab4/Lab4/state_machine_traffic.vhd Line: 15
    Info (12023): Found entity 1: State_Machine_traffic File: C:/Users/hzhpeng/ECE-124/Lab4/Lab4/state_machine_traffic.vhd Line: 5
Info (12128): Elaborating entity "State_Machine_traffic" for hierarchy "State_Machine_traffic:inst7" File: C:/Users/hzhpeng/ECE-124/Lab4/Lab4/LogicalStep_Lab4_top.vhd Line: 123
Warning (10492): VHDL Process Statement warning at state_machine_traffic.vhd(52): signal "hold2" is read inside the Process Statement but isn't in the Process Statement's sensitivity list File: C:/Users/hzhpeng/ECE-124/Lab4/Lab4/state_machine_traffic.vhd Line: 52
Warning (10492): VHDL Process Statement warning at state_machine_traffic.vhd(52): signal "hold1" is read inside the Process Statement but isn't in the Process Statement's sensitivity list File: C:/Users/hzhpeng/ECE-124/Lab4/Lab4/state_machine_traffic.vhd Line: 52
Warning (10492): VHDL Process Statement warning at state_machine_traffic.vhd(61): signal "hold2" is read inside the Process Statement but isn't in the Process Statement's sensitivity list File: C:/Users/hzhpeng/ECE-124/Lab4/Lab4/state_machine_traffic.vhd Line: 61
Warning (10492): VHDL Process Statement warning at state_machine_traffic.vhd(61): signal "hold1" is read inside the Process Statement but isn't in the Process Statement's sensitivity list File: C:/Users/hzhpeng/ECE-124/Lab4/Lab4/state_machine_traffic.vhd Line: 61
Warning (10492): VHDL Process Statement warning at state_machine_traffic.vhd(82): signal "hold1" is read inside the Process Statement but isn't in the Process Statement's sensitivity list File: C:/Users/hzhpeng/ECE-124/Lab4/Lab4/state_machine_traffic.vhd Line: 82
Warning (10492): VHDL Process Statement warning at state_machine_traffic.vhd(82): signal "hold2" is read inside the Process Statement but isn't in the Process Statement's sensitivity list File: C:/Users/hzhpeng/ECE-124/Lab4/Lab4/state_machine_traffic.vhd Line: 82
Warning (10492): VHDL Process Statement warning at state_machine_traffic.vhd(90): signal "hold1" is read inside the Process Statement but isn't in the Process Statement's sensitivity list File: C:/Users/hzhpeng/ECE-124/Lab4/Lab4/state_machine_traffic.vhd Line: 90
Warning (10492): VHDL Process Statement warning at state_machine_traffic.vhd(90): signal "hold2" is read inside the Process Statement but isn't in the Process Statement's sensitivity list File: C:/Users/hzhpeng/ECE-124/Lab4/Lab4/state_machine_traffic.vhd Line: 90
Warning (10492): VHDL Process Statement warning at state_machine_traffic.vhd(126): signal "blink_sig" is read inside the Process Statement but isn't in the Process Statement's sensitivity list File: C:/Users/hzhpeng/ECE-124/Lab4/Lab4/state_machine_traffic.vhd Line: 126
Warning (10492): VHDL Process Statement warning at state_machine_traffic.vhd(143): signal "blink_sig" is read inside the Process Statement but isn't in the Process Statement's sensitivity list File: C:/Users/hzhpeng/ECE-124/Lab4/Lab4/state_machine_traffic.vhd Line: 143
Warning (10492): VHDL Process Statement warning at state_machine_traffic.vhd(271): signal "blink_sig" is read inside the Process Statement but isn't in the Process Statement's sensitivity list File: C:/Users/hzhpeng/ECE-124/Lab4/Lab4/state_machine_traffic.vhd Line: 271
Warning (10492): VHDL Process Statement warning at state_machine_traffic.vhd(288): signal "blink_sig" is read inside the Process Statement but isn't in the Process Statement's sensitivity list File: C:/Users/hzhpeng/ECE-124/Lab4/Lab4/state_machine_traffic.vhd Line: 288
Warning (12125): Using design file segment7_mux.vhd, which is not specified as a design file for the current project, but contains definitions for 2 design units and 1 entities in project
    Info (12022): Found design unit 1: segment7_mux-syn File: C:/Users/hzhpeng/ECE-124/Lab4/Lab4/segment7_mux.vhd Line: 67
    Info (12023): Found entity 1: segment7_mux File: C:/Users/hzhpeng/ECE-124/Lab4/Lab4/segment7_mux.vhd Line: 52
Info (12128): Elaborating entity "segment7_mux" for hierarchy "segment7_mux:inst9" File: C:/Users/hzhpeng/ECE-124/Lab4/Lab4/LogicalStep_Lab4_top.vhd Line: 130
Warning (13030): Reduced the following open-drain buffers that are fed by GND
    Warning (13031): Reduced fanout from the always-enabled open-drain buffer "segment7_mux:inst9|DOUT[1]" to the output pin "seg7_data[1]" to GND File: C:/Users/hzhpeng/ECE-124/Lab4/Lab4/segment7_mux.vhd Line: 57
    Warning (13031): Reduced fanout from the always-enabled open-drain buffer "segment7_mux:inst9|DOUT[5]" to the output pin "seg7_data[5]" to GND File: C:/Users/hzhpeng/ECE-124/Lab4/Lab4/segment7_mux.vhd Line: 57
Warning (13024): Output pins are stuck at VCC or GND
    Warning (13410): Pin "seg7_data[1]" is stuck at GND File: C:/Users/hzhpeng/ECE-124/Lab4/Lab4/LogicalStep_Lab4_top.vhd Line: 19
    Warning (13410): Pin "seg7_data[2]" is stuck at GND File: C:/Users/hzhpeng/ECE-124/Lab4/Lab4/LogicalStep_Lab4_top.vhd Line: 19
    Warning (13410): Pin "seg7_data[4]" is stuck at GND File: C:/Users/hzhpeng/ECE-124/Lab4/Lab4/LogicalStep_Lab4_top.vhd Line: 19
    Warning (13410): Pin "seg7_data[5]" is stuck at GND File: C:/Users/hzhpeng/ECE-124/Lab4/Lab4/LogicalStep_Lab4_top.vhd Line: 19
Info (286030): Timing-Driven Synthesis is running
Info (16010): Generating hard_block partition "hard_block:auto_generated_inst"
    Info (16011): Adding 0 node(s), including 0 DDIO, 0 PLL, 0 transceiver and 0 LCELL
Warning (21074): Design contains 10 input pin(s) that do not drive logic
    Warning (15610): No output dependent on input pin "rst_n" File: C:/Users/hzhpeng/ECE-124/Lab4/Lab4/LogicalStep_Lab4_top.vhd Line: 10
    Warning (15610): No output dependent on input pin "pb_n[2]" File: C:/Users/hzhpeng/ECE-124/Lab4/Lab4/LogicalStep_Lab4_top.vhd Line: 11
    Warning (15610): No output dependent on input pin "sw[0]" File: C:/Users/hzhpeng/ECE-124/Lab4/Lab4/LogicalStep_Lab4_top.vhd Line: 12
    Warning (15610): No output dependent on input pin "sw[1]" File: C:/Users/hzhpeng/ECE-124/Lab4/Lab4/LogicalStep_Lab4_top.vhd Line: 12
    Warning (15610): No output dependent on input pin "sw[2]" File: C:/Users/hzhpeng/ECE-124/Lab4/Lab4/LogicalStep_Lab4_top.vhd Line: 12
    Warning (15610): No output dependent on input pin "sw[3]" File: C:/Users/hzhpeng/ECE-124/Lab4/Lab4/LogicalStep_Lab4_top.vhd Line: 12
    Warning (15610): No output dependent on input pin "sw[4]" File: C:/Users/hzhpeng/ECE-124/Lab4/Lab4/LogicalStep_Lab4_top.vhd Line: 12
    Warning (15610): No output dependent on input pin "sw[5]" File: C:/Users/hzhpeng/ECE-124/Lab4/Lab4/LogicalStep_Lab4_top.vhd Line: 12
    Warning (15610): No output dependent on input pin "sw[6]" File: C:/Users/hzhpeng/ECE-124/Lab4/Lab4/LogicalStep_Lab4_top.vhd Line: 12
    Warning (15610): No output dependent on input pin "sw[7]" File: C:/Users/hzhpeng/ECE-124/Lab4/Lab4/LogicalStep_Lab4_top.vhd Line: 12
Info (21057): Implemented 112 device resources after synthesis - the final resource count might be different
    Info (21058): Implemented 14 input pins
    Info (21059): Implemented 17 output pins
    Info (21061): Implemented 81 logic cells
Info: Quartus Prime Analysis & Synthesis was successful. 0 errors, 42 warnings
    Info: Peak virtual memory: 4968 megabytes
    Info: Processing ended: Sat Mar 18 20:14:51 2023
    Info: Elapsed time: 00:00:13
    Info: Total CPU time (on all processors): 00:00:22


